# JRE version: OpenJDK Runtime Environment Temurin-17.0.5+8 (17.0.5+8) (build 17.0.5+8)
# Java VM: OpenJDK 64-Bit Server VM Temurin-17.0.5+8 (17.0.5+8, mixed mode, tiered, compressed oops, compressed class ptrs, parallel gc, windows-amd64)
GC Precious Log:
 CPUs: 4 total, 4 available
 Memory: 7992M
 Large Page Support: Disabled
 NUMA Support: Disabled
 Compressed Oops: Enabled (32-bit)
 Alignments: Space 512K, Generation 512K, Heap 2M
 Heap Min Capacity: 100M
 Heap Initial Capacity: 100M
 Heap Max Capacity: 1G
 Pre-touch: Disabled
 Parallel Workers: 4
Heap:
 PSYoungGen      total 3072K, used 931K [0x00000000eab00000, 0x00000000eaf80000, 0x0000000100000000)
  eden space 2560K, 26% used [0x00000000eab00000,0x00000000eababd10,0x00000000ead80000)
  from space 512K, 47% used [0x00000000ead80000,0x00000000eadbd200,0x00000000eae00000)
  to   space 512K, 0% used [0x00000000eaf00000,0x00000000eaf00000,0x00000000eaf80000)
 ParOldGen       total 201728K, used 199328K [0x00000000c0000000, 0x00000000cc500000, 0x00000000eab00000)
  object space 201728K, 98% used [0x00000000c0000000,0x00000000cc2a81f8,0x00000000cc500000)
 Metaspace       used 88432K, committed 89664K, reserved 1130496K
  class space    used 8946K, committed 9472K, reserved 1048576K
GC Heap History (20 events):
Event: 5471.426 GC heap before
{Heap before GC invocations=2186 (full 30):
 PSYoungGen      total 2560K, used 1632K [0x00000000eab00000, 0x00000000eaf00000, 0x0000000100000000)
  eden space 1536K, 100% used [0x00000000eab00000,0x00000000eac80000,0x00000000eac80000)
  from space 1024K, 9% used [0x00000000ead00000,0x00000000ead18000,0x00000000eae00000)
  to   space 512K, 0% used [0x00000000eae80000,0x00000000eae80000,0x00000000eaf00000)
 ParOldGen       total 201728K, used 193479K [0x00000000c0000000, 0x00000000cc500000, 0x00000000eab00000)
  object space 201728K, 95% used [0x00000000c0000000,0x00000000cbcf1e68,0x00000000cc500000)
 Metaspace       used 88285K, committed 89536K, reserved 1130496K
  class space    used 8922K, committed 9472K, reserved 1048576K
}
Event: 5471.427 GC heap after
{Heap after GC invocations=2186 (full 30):
 PSYoungGen      total 2048K, used 495K [0x00000000eab00000, 0x00000000eaf00000, 0x0000000100000000)
  eden space 1536K, 0% used [0x00000000eab00000,0x00000000eab00000,0x00000000eac80000)
  from space 512K, 96% used [0x00000000eae80000,0x00000000eaefbeb0,0x00000000eaf00000)
  to   space 1024K, 0% used [0x00000000ead00000,0x00000000ead00000,0x00000000eae00000)
 ParOldGen       total 201728K, used 193577K [0x00000000c0000000, 0x00000000cc500000, 0x00000000eab00000)
  object space 201728K, 95% used [0x00000000c0000000,0x00000000cbd0a768,0x00000000cc500000)
 Metaspace       used 88285K, committed 89536K, reserved 1130496K
  class space    used 8922K, committed 9472K, reserved 1048576K
}
Event: 5471.431 GC heap before
{Heap before GC invocations=2187 (full 30):
 PSYoungGen      total 2048K, used 1697K [0x00000000eab00000, 0x00000000eaf00000, 0x0000000100000000)
  eden space 1536K, 78% used [0x00000000eab00000,0x00000000eac2c5a0,0x00000000eac80000)
  from space 512K, 96% used [0x00000000eae80000,0x00000000eaefbeb0,0x00000000eaf00000)
  to   space 1024K, 0% used [0x00000000ead00000,0x00000000ead00000,0x00000000eae00000)
 ParOldGen       total 201728K, used 193577K [0x00000000c0000000, 0x00000000cc500000, 0x00000000eab00000)
  object space 201728K, 95% used [0x00000000c0000000,0x00000000cbd0a768,0x00000000cc500000)
 Metaspace       used 88285K, committed 89536K, reserved 1130496K
  class space    used 8922K, committed 9472K, reserved 1048576K
}
Event: 5471.432 GC heap after
{Heap after GC invocations=2187 (full 30):
 PSYoungGen      total 2560K, used 637K [0x00000000eab00000, 0x00000000eaf00000, 0x0000000100000000)
  eden space 1536K, 0% used [0x00000000eab00000,0x00000000eab00000,0x00000000eac80000)
  from space 1024K, 62% used [0x00000000ead00000,0x00000000ead9f448,0x00000000eae00000)
  to   space 1024K, 0% used [0x00000000eae00000,0x00000000eae00000,0x00000000eaf00000)
 ParOldGen       total 201728K, used 194065K [0x00000000c0000000, 0x00000000cc500000, 0x00000000eab00000)
  object space 201728K, 96% used [0x00000000c0000000,0x00000000cbd84680,0x00000000cc500000)
 Metaspace       used 88285K, committed 89536K, reserved 1130496K
  class space    used 8922K, committed 9472K, reserved 1048576K
}
Event: 5471.439 GC heap before
{Heap before GC invocations=2188 (full 30):
 PSYoungGen      total 2560K, used 2164K [0x00000000eab00000, 0x00000000eaf00000, 0x0000000100000000)
  eden space 1536K, 99% used [0x00000000eab00000,0x00000000eac7dbe8,0x00000000eac80000)
  from space 1024K, 62% used [0x00000000ead00000,0x00000000ead9f448,0x00000000eae00000)
  to   space 1024K, 0% used [0x00000000eae00000,0x00000000eae00000,0x00000000eaf00000)
 ParOldGen       total 201728K, used 194065K [0x00000000c0000000, 0x00000000cc500000, 0x00000000eab00000)
  object space 201728K, 96% used [0x00000000c0000000,0x00000000cbd84680,0x00000000cc500000)
 Metaspace       used 88285K, committed 89536K, reserved 1130496K
  class space    used 8922K, committed 9472K, reserved 1048576K
}
Event: 5471.442 GC heap after
{Heap after GC invocations=2188 (full 30):
 PSYoungGen      total 2048K, used 993K [0x00000000eab00000, 0x00000000eb100000, 0x0000000100000000)
  eden space 1024K, 0% used [0x00000000eab00000,0x00000000eab00000,0x00000000eac00000)
  from space 1024K, 96% used [0x00000000eae00000,0x00000000eaef8500,0x00000000eaf00000)
  to   space 2048K, 0% used [0x00000000eac00000,0x00000000eac00000,0x00000000eae00000)
 ParOldGen       total 201728K, used 194897K [0x00000000c0000000, 0x00000000cc500000, 0x00000000eab00000)
  object space 201728K, 96% used [0x00000000c0000000,0x00000000cbe54738,0x00000000cc500000)
 Metaspace       used 88285K, committed 89536K, reserved 1130496K
  class space    used 8922K, committed 9472K, reserved 1048576K
}
Event: 5471.444 GC heap before
{Heap before GC invocations=2189 (full 30):
 PSYoungGen      total 2048K, used 1925K [0x00000000eab00000, 0x00000000eb100000, 0x0000000100000000)
  eden space 1024K, 91% used [0x00000000eab00000,0x00000000eabe8fd0,0x00000000eac00000)
  from space 1024K, 96% used [0x00000000eae00000,0x00000000eaef8500,0x00000000eaf00000)
  to   space 2048K, 0% used [0x00000000eac00000,0x00000000eac00000,0x00000000eae00000)
 ParOldGen       total 201728K, used 194897K [0x00000000c0000000, 0x00000000cc500000, 0x00000000eab00000)
  object space 201728K, 96% used [0x00000000c0000000,0x00000000cbe54738,0x00000000cc500000)
 Metaspace       used 88285K, committed 89536K, reserved 1130496K
  class space    used 8922K, committed 9472K, reserved 1048576K
}
Event: 5471.446 GC heap after
{Heap after GC invocations=2189 (full 30):
 PSYoungGen      total 3072K, used 799K [0x00000000eab00000, 0x00000000eaf80000, 0x0000000100000000)
  eden space 1024K, 0% used [0x00000000eab00000,0x00000000eab00000,0x00000000eac00000)
  from space 2048K, 39% used [0x00000000eac00000,0x00000000eacc7e38,0x00000000eae00000)
  to   space 1536K, 0% used [0x00000000eae00000,0x00000000eae00000,0x00000000eaf80000)
 ParOldGen       total 201728K, used 195897K [0x00000000c0000000, 0x00000000cc500000, 0x00000000eab00000)
  object space 201728K, 97% used [0x00000000c0000000,0x00000000cbf4e550,0x00000000cc500000)
 Metaspace       used 88285K, committed 89536K, reserved 1130496K
  class space    used 8922K, committed 9472K, reserved 1048576K
}
Event: 5471.451 GC heap before
{Heap before GC invocations=2190 (full 30):
 PSYoungGen      total 3072K, used 1823K [0x00000000eab00000, 0x00000000eaf80000, 0x0000000100000000)
  eden space 1024K, 100% used [0x00000000eab00000,0x00000000eac00000,0x00000000eac00000)
  from space 2048K, 39% used [0x00000000eac00000,0x00000000eacc7e38,0x00000000eae00000)
  to   space 1536K, 0% used [0x00000000eae00000,0x00000000eae00000,0x00000000eaf80000)
 ParOldGen       total 201728K, used 195897K [0x00000000c0000000, 0x00000000cc500000, 0x00000000eab00000)
  object space 201728K, 97% used [0x00000000c0000000,0x00000000cbf4e550,0x00000000cc500000)
 Metaspace       used 88285K, committed 89536K, reserved 1130496K
  class space    used 8922K, committed 9472K, reserved 1048576K
}
Event: 5471.453 GC heap after
{Heap after GC invocations=2190 (full 30):
 PSYoungGen      total 2560K, used 934K [0x00000000eab00000, 0x00000000eaf00000, 0x0000000100000000)
  eden space 1536K, 0% used [0x00000000eab00000,0x00000000eab00000,0x00000000eac80000)
  from space 1024K, 91% used [0x00000000eae00000,0x00000000eaee9b08,0x00000000eaf00000)
  to   space 1024K, 0% used [0x00000000ead00000,0x00000000ead00000,0x00000000eae00000)
 ParOldGen       total 201728K, used 196651K [0x00000000c0000000, 0x00000000cc500000, 0x00000000eab00000)
  object space 201728K, 97% used [0x00000000c0000000,0x00000000cc00acf0,0x00000000cc500000)
 Metaspace       used 88285K, committed 89536K, reserved 1130496K
  class space    used 8922K, committed 9472K, reserved 1048576K
}
Event: 5471.468 GC heap before
{Heap before GC invocations=2191 (full 30):
 PSYoungGen      total 2560K, used 2470K [0x00000000eab00000, 0x00000000eaf00000, 0x0000000100000000)
  eden space 1536K, 100% used [0x00000000eab00000,0x00000000eac80000,0x00000000eac80000)
  from space 1024K, 91% used [0x00000000eae00000,0x00000000eaee9b08,0x00000000eaf00000)
  to   space 1024K, 0% used [0x00000000ead00000,0x00000000ead00000,0x00000000eae00000)
 ParOldGen       total 201728K, used 196651K [0x00000000c0000000, 0x00000000cc500000, 0x00000000eab00000)
  object space 201728K, 97% used [0x00000000c0000000,0x00000000cc00acf0,0x00000000cc500000)
 Metaspace       used 88285K, committed 89536K, reserved 1130496K
  class space    used 8922K, committed 9472K, reserved 1048576K
}
Event: 5471.470 GC heap after
{Heap after GC invocations=2191 (full 30):
 PSYoungGen      total 3072K, used 1001K [0x00000000eab00000, 0x00000000eb200000, 0x0000000100000000)
  eden space 2048K, 0% used [0x00000000eab00000,0x00000000eab00000,0x00000000ead00000)
  from space 1024K, 97% used [0x00000000ead00000,0x00000000eadfa658,0x00000000eae00000)
  to   space 2560K, 0% used [0x00000000eaf80000,0x00000000eaf80000,0x00000000eb200000)
 ParOldGen       total 201728K, used 197748K [0x00000000c0000000, 0x00000000cc500000, 0x00000000eab00000)
  object space 201728K, 98% used [0x00000000c0000000,0x00000000cc11d168,0x00000000cc500000)
 Metaspace       used 88285K, committed 89536K, reserved 1130496K
  class space    used 8922K, committed 9472K, reserved 1048576K
}
Event: 5471.501 GC heap before
{Heap before GC invocations=2192 (full 30):
 PSYoungGen      total 3072K, used 3047K [0x00000000eab00000, 0x00000000eb200000, 0x0000000100000000)
  eden space 2048K, 99% used [0x00000000eab00000,0x00000000eacff788,0x00000000ead00000)
  from space 1024K, 97% used [0x00000000ead00000,0x00000000eadfa658,0x00000000eae00000)
  to   space 2560K, 0% used [0x00000000eaf80000,0x00000000eaf80000,0x00000000eb200000)
 ParOldGen       total 201728K, used 197748K [0x00000000c0000000, 0x00000000cc500000, 0x00000000eab00000)
  object space 201728K, 98% used [0x00000000c0000000,0x00000000cc11d168,0x00000000cc500000)
 Metaspace       used 88285K, committed 89536K, reserved 1130496K
  class space    used 8922K, committed 9472K, reserved 1048576K
}
Event: 5471.503 GC heap after
{Heap after GC invocations=2192 (full 30):
 PSYoungGen      total 4608K, used 1743K [0x00000000eab00000, 0x00000000eb180000, 0x0000000100000000)
  eden space 2560K, 0% used [0x00000000eab00000,0x00000000eab00000,0x00000000ead80000)
  from space 2048K, 85% used [0x00000000eaf80000,0x00000000eb133e78,0x00000000eb180000)
  to   space 2048K, 0% used [0x00000000ead80000,0x00000000ead80000,0x00000000eaf80000)
 ParOldGen       total 201728K, used 198754K [0x00000000c0000000, 0x00000000cc500000, 0x00000000eab00000)
  object space 201728K, 98% used [0x00000000c0000000,0x00000000cc218bc0,0x00000000cc500000)
 Metaspace       used 88285K, committed 89536K, reserved 1130496K
  class space    used 8922K, committed 9472K, reserved 1048576K
}
Event: 5502.958 GC heap before
{Heap before GC invocations=2193 (full 30):
 PSYoungGen      total 4608K, used 4303K [0x00000000eab00000, 0x00000000eb180000, 0x0000000100000000)
  eden space 2560K, 100% used [0x00000000eab00000,0x00000000ead80000,0x00000000ead80000)
  from space 2048K, 85% used [0x00000000eaf80000,0x00000000eb133e78,0x00000000eb180000)
  to   space 2048K, 0% used [0x00000000ead80000,0x00000000ead80000,0x00000000eaf80000)
 ParOldGen       total 201728K, used 198754K [0x00000000c0000000, 0x00000000cc500000, 0x00000000eab00000)
  object space 201728K, 98% used [0x00000000c0000000,0x00000000cc218bc0,0x00000000cc500000)
 Metaspace       used 88289K, committed 89536K, reserved 1130496K
  class space    used 8922K, committed 9472K, reserved 1048576K
}
Event: 5502.960 GC heap after
{Heap after GC invocations=2193 (full 30):
 PSYoungGen      total 3072K, used 512K [0x00000000eab00000, 0x00000000eb000000, 0x0000000100000000)
  eden space 2560K, 0% used [0x00000000eab00000,0x00000000eab00000,0x00000000ead80000)
  from space 512K, 100% used [0x00000000ead80000,0x00000000eae00000,0x00000000eae00000)
  to   space 1024K, 0% used [0x00000000eaf00000,0x00000000eaf00000,0x00000000eb000000)
 ParOldGen       total 201728K, used 198890K [0x00000000c0000000, 0x00000000cc500000, 0x00000000eab00000)
  object space 201728K, 98% used [0x00000000c0000000,0x00000000cc23abd0,0x00000000cc500000)
 Metaspace       used 88289K, committed 89536K, reserved 1130496K
  class space    used 8922K, committed 9472K, reserved 1048576K
}
Event: 5503.132 GC heap before
{Heap before GC invocations=2194 (full 30):
 PSYoungGen      total 3072K, used 3059K [0x00000000eab00000, 0x00000000eb000000, 0x0000000100000000)
  eden space 2560K, 99% used [0x00000000eab00000,0x00000000ead7ce00,0x00000000ead80000)
  from space 512K, 100% used [0x00000000ead80000,0x00000000eae00000,0x00000000eae00000)
  to   space 1024K, 0% used [0x00000000eaf00000,0x00000000eaf00000,0x00000000eb000000)
 ParOldGen       total 201728K, used 198890K [0x00000000c0000000, 0x00000000cc500000, 0x00000000eab00000)
  object space 201728K, 98% used [0x00000000c0000000,0x00000000cc23abd0,0x00000000cc500000)
 Metaspace       used 88290K, committed 89536K, reserved 1130496K
  class space    used 8922K, committed 9472K, reserved 1048576K
}
Event: 5503.133 GC heap after
{Heap after GC invocations=2194 (full 30):
 PSYoungGen      total 3072K, used 192K [0x00000000eab00000, 0x00000000eaf80000, 0x0000000100000000)
  eden space 2560K, 0% used [0x00000000eab00000,0x00000000eab00000,0x00000000ead80000)
  from space 512K, 37% used [0x00000000eaf00000,0x00000000eaf30020,0x00000000eaf80000)
  to   space 512K, 0% used [0x00000000ead80000,0x00000000ead80000,0x00000000eae00000)
 ParOldGen       total 201728K, used 199208K [0x00000000c0000000, 0x00000000cc500000, 0x00000000eab00000)
  object space 201728K, 98% used [0x00000000c0000000,0x00000000cc28a1a8,0x00000000cc500000)
 Metaspace       used 88290K, committed 89536K, reserved 1130496K
  class space    used 8922K, committed 9472K, reserved 1048576K
}
Event: 5503.279 GC heap before
{Heap before GC invocations=2195 (full 30):
 PSYoungGen      total 3072K, used 2752K [0x00000000eab00000, 0x00000000eaf80000, 0x0000000100000000)
  eden space 2560K, 100% used [0x00000000eab00000,0x00000000ead80000,0x00000000ead80000)
  from space 512K, 37% used [0x00000000eaf00000,0x00000000eaf30020,0x00000000eaf80000)
  to   space 512K, 0% used [0x00000000ead80000,0x00000000ead80000,0x00000000eae00000)
 ParOldGen       total 201728K, used 199208K [0x00000000c0000000, 0x00000000cc500000, 0x00000000eab00000)
  object space 201728K, 98% used [0x00000000c0000000,0x00000000cc28a1a8,0x00000000cc500000)
 Metaspace       used 88432K, committed 89664K, reserved 1130496K
  class space    used 8946K, committed 9472K, reserved 1048576K
}
Event: 5503.281 GC heap after
{Heap after GC invocations=2195 (full 30):
 PSYoungGen      total 3072K, used 244K [0x00000000eab00000, 0x00000000eaf80000, 0x0000000100000000)
  eden space 2560K, 0% used [0x00000000eab00000,0x00000000eab00000,0x00000000ead80000)
  from space 512K, 47% used [0x00000000ead80000,0x00000000eadbd200,0x00000000eae00000)
  to   space 512K, 0% used [0x00000000eaf00000,0x00000000eaf00000,0x00000000eaf80000)
 ParOldGen       total 201728K, used 199328K [0x00000000c0000000, 0x00000000cc500000, 0x00000000eab00000)
  object space 201728K, 98% used [0x00000000c0000000,0x00000000cc2a81f8,0x00000000cc500000)
 Metaspace       used 88432K, committed 89664K, reserved 1130496K
  class space    used 8946K, committed 9472K, reserved 1048576K
}

