# JRE version: OpenJDK Runtime Environment Temurin-17.0.7+7 (17.0.7+7) (build 17.0.7+7)
# Java VM: OpenJDK 64-Bit Server VM Temurin-17.0.7+7 (17.0.7+7, mixed mode, tiered, compressed oops, compressed class ptrs, parallel gc, windows-amd64)
GC Precious Log:
 CPUs: 4 total, 4 available
 Memory: 3901M
 Large Page Support: Disabled
 NUMA Support: Disabled
 Compressed Oops: Enabled (32-bit)
 Alignments: Space 512K, Generation 512K, Heap 2M
 Heap Min Capacity: 100M
 Heap Initial Capacity: 100M
 Heap Max Capacity: 1G
 Pre-touch: Disabled
 Parallel Workers: 4
Heap:
 PSYoungGen      total 11776K, used 6769K [0x00000000eab00000, 0x00000000ebd00000, 0x0000000100000000)
  eden space 4608K, 16% used [0x00000000eab00000,0x00000000eabba090,0x00000000eaf80000)
  from space 7168K, 85% used [0x00000000eaf80000,0x00000000eb5799f0,0x00000000eb680000)
  to   space 6656K, 0% used [0x00000000eb680000,0x00000000eb680000,0x00000000ebd00000)
 ParOldGen       total 153088K, used 127866K [0x00000000c0000000, 0x00000000c9580000, 0x00000000eab00000)
  object space 153088K, 83% used [0x00000000c0000000,0x00000000c7cdeb30,0x00000000c9580000)
 Metaspace       used 71995K, committed 73280K, reserved 1114112K
  class space    used 7365K, committed 7936K, reserved 1048576K
GC Heap History (20 events):
Event: 51.148 GC heap before
{Heap before GC invocations=396 (full 13):
 PSYoungGen      total 9216K, used 8475K [0x00000000eab00000, 0x00000000eb880000, 0x0000000100000000)
  eden space 4096K, 100% used [0x00000000eab00000,0x00000000eaf00000,0x00000000eaf00000)
  from space 5120K, 85% used [0x00000000eaf00000,0x00000000eb346d68,0x00000000eb400000)
  to   space 4608K, 0% used [0x00000000eb400000,0x00000000eb400000,0x00000000eb880000)
 ParOldGen       total 153088K, used 119837K [0x00000000c0000000, 0x00000000c9580000, 0x00000000eab00000)
  object space 153088K, 78% used [0x00000000c0000000,0x00000000c7507490,0x00000000c9580000)
 Metaspace       used 71995K, committed 73280K, reserved 1114112K
  class space    used 7365K, committed 7936K, reserved 1048576K
}
Event: 51.152 GC heap after
{Heap after GC invocations=396 (full 13):
 PSYoungGen      total 8192K, used 4581K [0x00000000eab00000, 0x00000000eba80000, 0x0000000100000000)
  eden space 3584K, 0% used [0x00000000eab00000,0x00000000eab00000,0x00000000eae80000)
  from space 4608K, 99% used [0x00000000eb400000,0x00000000eb8796d8,0x00000000eb880000)
  to   space 5632K, 0% used [0x00000000eae80000,0x00000000eae80000,0x00000000eb400000)
 ParOldGen       total 153088K, used 120274K [0x00000000c0000000, 0x00000000c9580000, 0x00000000eab00000)
  object space 153088K, 78% used [0x00000000c0000000,0x00000000c7574a98,0x00000000c9580000)
 Metaspace       used 71995K, committed 73280K, reserved 1114112K
  class space    used 7365K, committed 7936K, reserved 1048576K
}
Event: 51.174 GC heap before
{Heap before GC invocations=397 (full 13):
 PSYoungGen      total 8192K, used 8165K [0x00000000eab00000, 0x00000000eba80000, 0x0000000100000000)
  eden space 3584K, 100% used [0x00000000eab00000,0x00000000eae80000,0x00000000eae80000)
  from space 4608K, 99% used [0x00000000eb400000,0x00000000eb8796d8,0x00000000eb880000)
  to   space 5632K, 0% used [0x00000000eae80000,0x00000000eae80000,0x00000000eb400000)
 ParOldGen       total 153088K, used 120274K [0x00000000c0000000, 0x00000000c9580000, 0x00000000eab00000)
  object space 153088K, 78% used [0x00000000c0000000,0x00000000c7574a98,0x00000000c9580000)
 Metaspace       used 71995K, committed 73280K, reserved 1114112K
  class space    used 7365K, committed 7936K, reserved 1048576K
}
Event: 51.178 GC heap after
{Heap after GC invocations=397 (full 13):
 PSYoungGen      total 9216K, used 4382K [0x00000000eab00000, 0x00000000eb900000, 0x0000000100000000)
  eden space 3584K, 0% used [0x00000000eab00000,0x00000000eab00000,0x00000000eae80000)
  from space 5632K, 77% used [0x00000000eae80000,0x00000000eb2c7a60,0x00000000eb400000)
  to   space 5120K, 0% used [0x00000000eb400000,0x00000000eb400000,0x00000000eb900000)
 ParOldGen       total 153088K, used 121054K [0x00000000c0000000, 0x00000000c9580000, 0x00000000eab00000)
  object space 153088K, 79% used [0x00000000c0000000,0x00000000c7637848,0x00000000c9580000)
 Metaspace       used 71995K, committed 73280K, reserved 1114112K
  class space    used 7365K, committed 7936K, reserved 1048576K
}
Event: 51.201 GC heap before
{Heap before GC invocations=398 (full 13):
 PSYoungGen      total 9216K, used 7966K [0x00000000eab00000, 0x00000000eb900000, 0x0000000100000000)
  eden space 3584K, 100% used [0x00000000eab00000,0x00000000eae80000,0x00000000eae80000)
  from space 5632K, 77% used [0x00000000eae80000,0x00000000eb2c7a60,0x00000000eb400000)
  to   space 5120K, 0% used [0x00000000eb400000,0x00000000eb400000,0x00000000eb900000)
 ParOldGen       total 153088K, used 121054K [0x00000000c0000000, 0x00000000c9580000, 0x00000000eab00000)
  object space 153088K, 79% used [0x00000000c0000000,0x00000000c7637848,0x00000000c9580000)
 Metaspace       used 71995K, committed 73280K, reserved 1114112K
  class space    used 7365K, committed 7936K, reserved 1048576K
}
Event: 51.204 GC heap after
{Heap after GC invocations=398 (full 13):
 PSYoungGen      total 9216K, used 4915K [0x00000000eab00000, 0x00000000eb900000, 0x0000000100000000)
  eden space 4096K, 0% used [0x00000000eab00000,0x00000000eab00000,0x00000000eaf00000)
  from space 5120K, 96% used [0x00000000eb400000,0x00000000eb8ccd70,0x00000000eb900000)
  to   space 5120K, 0% used [0x00000000eaf00000,0x00000000eaf00000,0x00000000eb400000)
 ParOldGen       total 153088K, used 121054K [0x00000000c0000000, 0x00000000c9580000, 0x00000000eab00000)
  object space 153088K, 79% used [0x00000000c0000000,0x00000000c7637848,0x00000000c9580000)
 Metaspace       used 71995K, committed 73280K, reserved 1114112K
  class space    used 7365K, committed 7936K, reserved 1048576K
}
Event: 51.229 GC heap before
{Heap before GC invocations=399 (full 13):
 PSYoungGen      total 9216K, used 8677K [0x00000000eab00000, 0x00000000eb900000, 0x0000000100000000)
  eden space 4096K, 91% used [0x00000000eab00000,0x00000000eaeac748,0x00000000eaf00000)
  from space 5120K, 96% used [0x00000000eb400000,0x00000000eb8ccd70,0x00000000eb900000)
  to   space 5120K, 0% used [0x00000000eaf00000,0x00000000eaf00000,0x00000000eb400000)
 ParOldGen       total 153088K, used 121054K [0x00000000c0000000, 0x00000000c9580000, 0x00000000eab00000)
  object space 153088K, 79% used [0x00000000c0000000,0x00000000c7637848,0x00000000c9580000)
 Metaspace       used 71995K, committed 73280K, reserved 1114112K
  class space    used 7365K, committed 7936K, reserved 1048576K
}
Event: 51.233 GC heap after
{Heap after GC invocations=399 (full 13):
 PSYoungGen      total 9216K, used 5114K [0x00000000eab00000, 0x00000000eba80000, 0x0000000100000000)
  eden space 4096K, 0% used [0x00000000eab00000,0x00000000eab00000,0x00000000eaf00000)
  from space 5120K, 99% used [0x00000000eaf00000,0x00000000eb3fe880,0x00000000eb400000)
  to   space 5632K, 0% used [0x00000000eb500000,0x00000000eb500000,0x00000000eba80000)
 ParOldGen       total 153088K, used 121366K [0x00000000c0000000, 0x00000000c9580000, 0x00000000eab00000)
  object space 153088K, 79% used [0x00000000c0000000,0x00000000c7685848,0x00000000c9580000)
 Metaspace       used 71995K, committed 73280K, reserved 1114112K
  class space    used 7365K, committed 7936K, reserved 1048576K
}
Event: 51.267 GC heap before
{Heap before GC invocations=400 (full 13):
 PSYoungGen      total 9216K, used 9210K [0x00000000eab00000, 0x00000000eba80000, 0x0000000100000000)
  eden space 4096K, 100% used [0x00000000eab00000,0x00000000eaf00000,0x00000000eaf00000)
  from space 5120K, 99% used [0x00000000eaf00000,0x00000000eb3fe880,0x00000000eb400000)
  to   space 5632K, 0% used [0x00000000eb500000,0x00000000eb500000,0x00000000eba80000)
 ParOldGen       total 153088K, used 121366K [0x00000000c0000000, 0x00000000c9580000, 0x00000000eab00000)
  object space 153088K, 79% used [0x00000000c0000000,0x00000000c7685848,0x00000000c9580000)
 Metaspace       used 71995K, committed 73280K, reserved 1114112K
  class space    used 7365K, committed 7936K, reserved 1048576K
}
Event: 51.272 GC heap after
{Heap after GC invocations=400 (full 13):
 PSYoungGen      total 10240K, used 5209K [0x00000000eab00000, 0x00000000eba80000, 0x0000000100000000)
  eden space 4608K, 0% used [0x00000000eab00000,0x00000000eab00000,0x00000000eaf80000)
  from space 5632K, 92% used [0x00000000eb500000,0x00000000eba165b0,0x00000000eba80000)
  to   space 5632K, 0% used [0x00000000eaf80000,0x00000000eaf80000,0x00000000eb500000)
 ParOldGen       total 153088K, used 122209K [0x00000000c0000000, 0x00000000c9580000, 0x00000000eab00000)
  object space 153088K, 79% used [0x00000000c0000000,0x00000000c77584d0,0x00000000c9580000)
 Metaspace       used 71995K, committed 73280K, reserved 1114112K
  class space    used 7365K, committed 7936K, reserved 1048576K
}
Event: 51.296 GC heap before
{Heap before GC invocations=401 (full 13):
 PSYoungGen      total 10240K, used 9817K [0x00000000eab00000, 0x00000000eba80000, 0x0000000100000000)
  eden space 4608K, 100% used [0x00000000eab00000,0x00000000eaf80000,0x00000000eaf80000)
  from space 5632K, 92% used [0x00000000eb500000,0x00000000eba165b0,0x00000000eba80000)
  to   space 5632K, 0% used [0x00000000eaf80000,0x00000000eaf80000,0x00000000eb500000)
 ParOldGen       total 153088K, used 122209K [0x00000000c0000000, 0x00000000c9580000, 0x00000000eab00000)
  object space 153088K, 79% used [0x00000000c0000000,0x00000000c77584d0,0x00000000c9580000)
 Metaspace       used 71995K, committed 73280K, reserved 1114112K
  class space    used 7365K, committed 7936K, reserved 1048576K
}
Event: 51.300 GC heap after
{Heap after GC invocations=401 (full 13):
 PSYoungGen      total 10240K, used 5619K [0x00000000eab00000, 0x00000000ebc00000, 0x0000000100000000)
  eden space 4608K, 0% used [0x00000000eab00000,0x00000000eab00000,0x00000000eaf80000)
  from space 5632K, 99% used [0x00000000eaf80000,0x00000000eb4fcfb8,0x00000000eb500000)
  to   space 6144K, 0% used [0x00000000eb600000,0x00000000eb600000,0x00000000ebc00000)
 ParOldGen       total 153088K, used 122529K [0x00000000c0000000, 0x00000000c9580000, 0x00000000eab00000)
  object space 153088K, 80% used [0x00000000c0000000,0x00000000c77a84d0,0x00000000c9580000)
 Metaspace       used 71995K, committed 73280K, reserved 1114112K
  class space    used 7365K, committed 7936K, reserved 1048576K
}
Event: 51.324 GC heap before
{Heap before GC invocations=402 (full 13):
 PSYoungGen      total 10240K, used 10227K [0x00000000eab00000, 0x00000000ebc00000, 0x0000000100000000)
  eden space 4608K, 100% used [0x00000000eab00000,0x00000000eaf80000,0x00000000eaf80000)
  from space 5632K, 99% used [0x00000000eaf80000,0x00000000eb4fcfb8,0x00000000eb500000)
  to   space 6144K, 0% used [0x00000000eb600000,0x00000000eb600000,0x00000000ebc00000)
 ParOldGen       total 153088K, used 122529K [0x00000000c0000000, 0x00000000c9580000, 0x00000000eab00000)
  object space 153088K, 80% used [0x00000000c0000000,0x00000000c77a84d0,0x00000000c9580000)
 Metaspace       used 71995K, committed 73280K, reserved 1114112K
  class space    used 7365K, committed 7936K, reserved 1048576K
}
Event: 51.328 GC heap after
{Heap after GC invocations=402 (full 13):
 PSYoungGen      total 11264K, used 5718K [0x00000000eab00000, 0x00000000ebc80000, 0x0000000100000000)
  eden space 5120K, 0% used [0x00000000eab00000,0x00000000eab00000,0x00000000eb000000)
  from space 6144K, 93% used [0x00000000eb600000,0x00000000ebb95b70,0x00000000ebc00000)
  to   space 6144K, 0% used [0x00000000eb000000,0x00000000eb000000,0x00000000eb600000)
 ParOldGen       total 153088K, used 123315K [0x00000000c0000000, 0x00000000c9580000, 0x00000000eab00000)
  object space 153088K, 80% used [0x00000000c0000000,0x00000000c786ccf0,0x00000000c9580000)
 Metaspace       used 71995K, committed 73280K, reserved 1114112K
  class space    used 7365K, committed 7936K, reserved 1048576K
}
Event: 51.357 GC heap before
{Heap before GC invocations=403 (full 13):
 PSYoungGen      total 11264K, used 10838K [0x00000000eab00000, 0x00000000ebc80000, 0x0000000100000000)
  eden space 5120K, 100% used [0x00000000eab00000,0x00000000eb000000,0x00000000eb000000)
  from space 6144K, 93% used [0x00000000eb600000,0x00000000ebb95b70,0x00000000ebc00000)
  to   space 6144K, 0% used [0x00000000eb000000,0x00000000eb000000,0x00000000eb600000)
 ParOldGen       total 153088K, used 123315K [0x00000000c0000000, 0x00000000c9580000, 0x00000000eab00000)
  object space 153088K, 80% used [0x00000000c0000000,0x00000000c786ccf0,0x00000000c9580000)
 Metaspace       used 71995K, committed 73280K, reserved 1114112K
  class space    used 7365K, committed 7936K, reserved 1048576K
}
Event: 51.360 GC heap after
{Heap after GC invocations=403 (full 13):
 PSYoungGen      total 11264K, used 5933K [0x00000000eab00000, 0x00000000ebc80000, 0x0000000100000000)
  eden space 5120K, 0% used [0x00000000eab00000,0x00000000eab00000,0x00000000eb000000)
  from space 6144K, 96% used [0x00000000eb000000,0x00000000eb5cb458,0x00000000eb600000)
  to   space 6144K, 0% used [0x00000000eb680000,0x00000000eb680000,0x00000000ebc80000)
 ParOldGen       total 153088K, used 123847K [0x00000000c0000000, 0x00000000c9580000, 0x00000000eab00000)
  object space 153088K, 80% used [0x00000000c0000000,0x00000000c78f1da8,0x00000000c9580000)
 Metaspace       used 71995K, committed 73280K, reserved 1114112K
  class space    used 7365K, committed 7936K, reserved 1048576K
}
Event: 51.413 GC heap before
{Heap before GC invocations=404 (full 13):
 PSYoungGen      total 11264K, used 11053K [0x00000000eab00000, 0x00000000ebc80000, 0x0000000100000000)
  eden space 5120K, 100% used [0x00000000eab00000,0x00000000eb000000,0x00000000eb000000)
  from space 6144K, 96% used [0x00000000eb000000,0x00000000eb5cb458,0x00000000eb600000)
  to   space 6144K, 0% used [0x00000000eb680000,0x00000000eb680000,0x00000000ebc80000)
 ParOldGen       total 153088K, used 123847K [0x00000000c0000000, 0x00000000c9580000, 0x00000000eab00000)
  object space 153088K, 80% used [0x00000000c0000000,0x00000000c78f1da8,0x00000000c9580000)
 Metaspace       used 71995K, committed 73280K, reserved 1114112K
  class space    used 7365K, committed 7936K, reserved 1048576K
}
Event: 51.417 GC heap after
{Heap after GC invocations=404 (full 13):
 PSYoungGen      total 10752K, used 6123K [0x00000000eab00000, 0x00000000ebe80000, 0x0000000100000000)
  eden space 4608K, 0% used [0x00000000eab00000,0x00000000eab00000,0x00000000eaf80000)
  from space 6144K, 99% used [0x00000000eb680000,0x00000000ebc7ad90,0x00000000ebc80000)
  to   space 7168K, 0% used [0x00000000eaf80000,0x00000000eaf80000,0x00000000eb680000)
 ParOldGen       total 153088K, used 124409K [0x00000000c0000000, 0x00000000c9580000, 0x00000000eab00000)
  object space 153088K, 81% used [0x00000000c0000000,0x00000000c797e468,0x00000000c9580000)
 Metaspace       used 71995K, committed 73280K, reserved 1114112K
  class space    used 7365K, committed 7936K, reserved 1048576K
}
Event: 51.827 GC heap before
{Heap before GC invocations=405 (full 13):
 PSYoungGen      total 10752K, used 10731K [0x00000000eab00000, 0x00000000ebe80000, 0x0000000100000000)
  eden space 4608K, 100% used [0x00000000eab00000,0x00000000eaf80000,0x00000000eaf80000)
  from space 6144K, 99% used [0x00000000eb680000,0x00000000ebc7ad90,0x00000000ebc80000)
  to   space 7168K, 0% used [0x00000000eaf80000,0x00000000eaf80000,0x00000000eb680000)
 ParOldGen       total 153088K, used 124409K [0x00000000c0000000, 0x00000000c9580000, 0x00000000eab00000)
  object space 153088K, 81% used [0x00000000c0000000,0x00000000c797e468,0x00000000c9580000)
 Metaspace       used 71995K, committed 73280K, reserved 1114112K
  class space    used 7365K, committed 7936K, reserved 1048576K
}
Event: 51.830 GC heap after
{Heap after GC invocations=405 (full 13):
 PSYoungGen      total 10752K, used 5803K [0x00000000eab00000, 0x00000000ebc00000, 0x0000000100000000)
  eden space 4608K, 0% used [0x00000000eab00000,0x00000000eab00000,0x00000000eaf80000)
  from space 6144K, 94% used [0x00000000eaf80000,0x00000000eb52ae70,0x00000000eb580000)
  to   space 6144K, 0% used [0x00000000eb600000,0x00000000eb600000,0x00000000ebc00000)
 ParOldGen       total 153088K, used 125409K [0x00000000c0000000, 0x00000000c9580000, 0x00000000eab00000)
  object space 153088K, 81% used [0x00000000c0000000,0x00000000c7a784e0,0x00000000c9580000)
 Metaspace       used 71995K, committed 73280K, reserved 1114112K
  class space    used 7365K, committed 7936K, reserved 1048576K
}

