# JRE version: OpenJDK Runtime Environment Temurin-17.0.6+10 (17.0.6+10) (build 17.0.6+10)
# Java VM: OpenJDK 64-Bit Server VM Temurin-17.0.6+10 (17.0.6+10, mixed mode, tiered, compressed oops, compressed class ptrs, parallel gc, windows-amd64)
GC Precious Log:
 CPUs: 4 total, 4 available
 Memory: 3901M
 Large Page Support: Disabled
 NUMA Support: Disabled
 Compressed Oops: Enabled (32-bit)
 Alignments: Space 512K, Generation 512K, Heap 2M
 Heap Min Capacity: 100M
 Heap Initial Capacity: 100M
 Heap Max Capacity: 1G
 Pre-touch: Disabled
 Parallel Workers: 4
Heap:
 PSYoungGen      total 12288K, used 2555K [0x00000000eab00000, 0x00000000ec580000, 0x0000000100000000)
  eden space 9728K, 0% used [0x00000000eab00000,0x00000000eab00000,0x00000000eb480000)
  from space 2560K, 99% used [0x00000000eb580000,0x00000000eb7fecb8,0x00000000eb800000)
  to   space 8704K, 0% used [0x00000000ebd00000,0x00000000ebd00000,0x00000000ec580000)
 ParOldGen       total 162304K, used 159141K [0x00000000c0000000, 0x00000000c9e80000, 0x00000000eab00000)
  object space 162304K, 98% used [0x00000000c0000000,0x00000000c9b695c8,0x00000000c9e80000)
 Metaspace       used 89869K, committed 91008K, reserved 1138688K
  class space    used 9005K, committed 9536K, reserved 1048576K
GC Heap History (20 events):
Event: 12696.499 GC heap after
{Heap after GC invocations=2345 (full 55):
 PSYoungGen      total 3584K, used 320K [0x00000000eab00000, 0x00000000eb080000, 0x0000000100000000)
  eden space 3072K, 0% used [0x00000000eab00000,0x00000000eab00000,0x00000000eae00000)
  from space 512K, 62% used [0x00000000eb000000,0x00000000eb050000,0x00000000eb080000)
  to   space 1024K, 0% used [0x00000000eae80000,0x00000000eae80000,0x00000000eaf80000)
 ParOldGen       total 162304K, used 142677K [0x00000000c0000000, 0x00000000c9e80000, 0x00000000eab00000)
  object space 162304K, 87% used [0x00000000c0000000,0x00000000c8b556a8,0x00000000c9e80000)
 Metaspace       used 89857K, committed 91008K, reserved 1138688K
  class space    used 9005K, committed 9536K, reserved 1048576K
}
Event: 12696.920 GC heap before
{Heap before GC invocations=2346 (full 55):
 PSYoungGen      total 3584K, used 3125K [0x00000000eab00000, 0x00000000eb080000, 0x0000000100000000)
  eden space 3072K, 91% used [0x00000000eab00000,0x00000000eadbd7c0,0x00000000eae00000)
  from space 512K, 62% used [0x00000000eb000000,0x00000000eb050000,0x00000000eb080000)
  to   space 1024K, 0% used [0x00000000eae80000,0x00000000eae80000,0x00000000eaf80000)
 ParOldGen       total 162304K, used 142677K [0x00000000c0000000, 0x00000000c9e80000, 0x00000000eab00000)
  object space 162304K, 87% used [0x00000000c0000000,0x00000000c8b556a8,0x00000000c9e80000)
 Metaspace       used 89858K, committed 91008K, reserved 1138688K
  class space    used 9005K, committed 9536K, reserved 1048576K
}
Event: 12697.023 GC heap after
{Heap after GC invocations=2346 (full 55):
 PSYoungGen      total 4608K, used 1022K [0x00000000eab00000, 0x00000000eb500000, 0x0000000100000000)
  eden space 3584K, 0% used [0x00000000eab00000,0x00000000eab00000,0x00000000eae80000)
  from space 1024K, 99% used [0x00000000eae80000,0x00000000eaf7fb70,0x00000000eaf80000)
  to   space 3072K, 0% used [0x00000000eb200000,0x00000000eb200000,0x00000000eb500000)
 ParOldGen       total 162304K, used 143919K [0x00000000c0000000, 0x00000000c9e80000, 0x00000000eab00000)
  object space 162304K, 88% used [0x00000000c0000000,0x00000000c8c8bf60,0x00000000c9e80000)
 Metaspace       used 89858K, committed 91008K, reserved 1138688K
  class space    used 9005K, committed 9536K, reserved 1048576K
}
Event: 12697.210 GC heap before
{Heap before GC invocations=2347 (full 55):
 PSYoungGen      total 4608K, used 4365K [0x00000000eab00000, 0x00000000eb500000, 0x0000000100000000)
  eden space 3584K, 93% used [0x00000000eab00000,0x00000000eae43bd8,0x00000000eae80000)
  from space 1024K, 99% used [0x00000000eae80000,0x00000000eaf7fb70,0x00000000eaf80000)
  to   space 3072K, 0% used [0x00000000eb200000,0x00000000eb200000,0x00000000eb500000)
 ParOldGen       total 162304K, used 143919K [0x00000000c0000000, 0x00000000c9e80000, 0x00000000eab00000)
  object space 162304K, 88% used [0x00000000c0000000,0x00000000c8c8bf60,0x00000000c9e80000)
 Metaspace       used 89858K, committed 91008K, reserved 1138688K
  class space    used 9005K, committed 9536K, reserved 1048576K
}
Event: 12697.420 GC heap after
{Heap after GC invocations=2347 (full 55):
 PSYoungGen      total 7168K, used 2745K [0x00000000eab00000, 0x00000000eb580000, 0x0000000100000000)
  eden space 4096K, 0% used [0x00000000eab00000,0x00000000eab00000,0x00000000eaf00000)
  from space 3072K, 89% used [0x00000000eb200000,0x00000000eb4ae488,0x00000000eb500000)
  to   space 3072K, 0% used [0x00000000eaf00000,0x00000000eaf00000,0x00000000eb200000)
 ParOldGen       total 162304K, used 144960K [0x00000000c0000000, 0x00000000c9e80000, 0x00000000eab00000)
  object space 162304K, 89% used [0x00000000c0000000,0x00000000c8d90088,0x00000000c9e80000)
 Metaspace       used 89858K, committed 91008K, reserved 1138688K
  class space    used 9005K, committed 9536K, reserved 1048576K
}
Event: 12698.008 GC heap before
{Heap before GC invocations=2348 (full 55):
 PSYoungGen      total 7168K, used 6841K [0x00000000eab00000, 0x00000000eb580000, 0x0000000100000000)
  eden space 4096K, 100% used [0x00000000eab00000,0x00000000eaf00000,0x00000000eaf00000)
  from space 3072K, 89% used [0x00000000eb200000,0x00000000eb4ae488,0x00000000eb500000)
  to   space 3072K, 0% used [0x00000000eaf00000,0x00000000eaf00000,0x00000000eb200000)
 ParOldGen       total 162304K, used 144960K [0x00000000c0000000, 0x00000000c9e80000, 0x00000000eab00000)
  object space 162304K, 89% used [0x00000000c0000000,0x00000000c8d90088,0x00000000c9e80000)
 Metaspace       used 89858K, committed 91008K, reserved 1138688K
  class space    used 9005K, committed 9536K, reserved 1048576K
}
Event: 12698.472 GC heap after
{Heap after GC invocations=2348 (full 55):
 PSYoungGen      total 7168K, used 1851K [0x00000000eab00000, 0x00000000eb500000, 0x0000000100000000)
  eden space 4096K, 0% used [0x00000000eab00000,0x00000000eab00000,0x00000000eaf00000)
  from space 3072K, 60% used [0x00000000eaf00000,0x00000000eb0cec00,0x00000000eb200000)
  to   space 2560K, 0% used [0x00000000eb280000,0x00000000eb280000,0x00000000eb500000)
 ParOldGen       total 162304K, used 147647K [0x00000000c0000000, 0x00000000c9e80000, 0x00000000eab00000)
  object space 162304K, 90% used [0x00000000c0000000,0x00000000c902fc58,0x00000000c9e80000)
 Metaspace       used 89858K, committed 91008K, reserved 1138688K
  class space    used 9005K, committed 9536K, reserved 1048576K
}
Event: 12699.097 GC heap before
{Heap before GC invocations=2349 (full 55):
 PSYoungGen      total 7168K, used 5946K [0x00000000eab00000, 0x00000000eb500000, 0x0000000100000000)
  eden space 4096K, 99% used [0x00000000eab00000,0x00000000eaefffc0,0x00000000eaf00000)
  from space 3072K, 60% used [0x00000000eaf00000,0x00000000eb0cec00,0x00000000eb200000)
  to   space 2560K, 0% used [0x00000000eb280000,0x00000000eb280000,0x00000000eb500000)
 ParOldGen       total 162304K, used 147647K [0x00000000c0000000, 0x00000000c9e80000, 0x00000000eab00000)
  object space 162304K, 90% used [0x00000000c0000000,0x00000000c902fc58,0x00000000c9e80000)
 Metaspace       used 89858K, committed 91008K, reserved 1138688K
  class space    used 9005K, committed 9536K, reserved 1048576K
}
Event: 12699.413 GC heap after
{Heap after GC invocations=2349 (full 55):
 PSYoungGen      total 6144K, used 744K [0x00000000eab00000, 0x00000000eb380000, 0x0000000100000000)
  eden space 5120K, 0% used [0x00000000eab00000,0x00000000eab00000,0x00000000eb000000)
  from space 1024K, 72% used [0x00000000eb280000,0x00000000eb33a150,0x00000000eb380000)
  to   space 1536K, 0% used [0x00000000eb080000,0x00000000eb080000,0x00000000eb200000)
 ParOldGen       total 162304K, used 148597K [0x00000000c0000000, 0x00000000c9e80000, 0x00000000eab00000)
  object space 162304K, 91% used [0x00000000c0000000,0x00000000c911d4e8,0x00000000c9e80000)
 Metaspace       used 89858K, committed 91008K, reserved 1138688K
  class space    used 9005K, committed 9536K, reserved 1048576K
}
Event: 12699.984 GC heap before
{Heap before GC invocations=2350 (full 55):
 PSYoungGen      total 6144K, used 5864K [0x00000000eab00000, 0x00000000eb380000, 0x0000000100000000)
  eden space 5120K, 100% used [0x00000000eab00000,0x00000000eb000000,0x00000000eb000000)
  from space 1024K, 72% used [0x00000000eb280000,0x00000000eb33a150,0x00000000eb380000)
  to   space 1536K, 0% used [0x00000000eb080000,0x00000000eb080000,0x00000000eb200000)
 ParOldGen       total 162304K, used 148597K [0x00000000c0000000, 0x00000000c9e80000, 0x00000000eab00000)
  object space 162304K, 91% used [0x00000000c0000000,0x00000000c911d4e8,0x00000000c9e80000)
 Metaspace       used 89864K, committed 91008K, reserved 1138688K
  class space    used 9005K, committed 9536K, reserved 1048576K
}
Event: 12699.988 GC heap after
{Heap after GC invocations=2350 (full 55):
 PSYoungGen      total 7168K, used 698K [0x00000000eab00000, 0x00000000eb300000, 0x0000000100000000)
  eden space 5632K, 0% used [0x00000000eab00000,0x00000000eab00000,0x00000000eb080000)
  from space 1536K, 45% used [0x00000000eb080000,0x00000000eb12e900,0x00000000eb200000)
  to   space 1024K, 0% used [0x00000000eb200000,0x00000000eb200000,0x00000000eb300000)
 ParOldGen       total 162304K, used 148893K [0x00000000c0000000, 0x00000000c9e80000, 0x00000000eab00000)
  object space 162304K, 91% used [0x00000000c0000000,0x00000000c91674e8,0x00000000c9e80000)
 Metaspace       used 89864K, committed 91008K, reserved 1138688K
  class space    used 9005K, committed 9536K, reserved 1048576K
}
Event: 12701.419 GC heap before
{Heap before GC invocations=2351 (full 55):
 PSYoungGen      total 7168K, used 5000K [0x00000000eab00000, 0x00000000eb300000, 0x0000000100000000)
  eden space 5632K, 76% used [0x00000000eab00000,0x00000000eaf33760,0x00000000eb080000)
  from space 1536K, 45% used [0x00000000eb080000,0x00000000eb12e900,0x00000000eb200000)
  to   space 1024K, 0% used [0x00000000eb200000,0x00000000eb200000,0x00000000eb300000)
 ParOldGen       total 162304K, used 148893K [0x00000000c0000000, 0x00000000c9e80000, 0x00000000eab00000)
  object space 162304K, 91% used [0x00000000c0000000,0x00000000c91674e8,0x00000000c9e80000)
 Metaspace       used 89864K, committed 91008K, reserved 1138688K
  class space    used 9005K, committed 9536K, reserved 1048576K
}
Event: 12701.424 GC heap after
{Heap after GC invocations=2351 (full 55):
 PSYoungGen      total 7680K, used 347K [0x00000000eab00000, 0x00000000eb300000, 0x0000000100000000)
  eden space 6656K, 0% used [0x00000000eab00000,0x00000000eab00000,0x00000000eb180000)
  from space 1024K, 33% used [0x00000000eb200000,0x00000000eb256f90,0x00000000eb300000)
  to   space 512K, 0% used [0x00000000eb180000,0x00000000eb180000,0x00000000eb200000)
 ParOldGen       total 162304K, used 149337K [0x00000000c0000000, 0x00000000c9e80000, 0x00000000eab00000)
  object space 162304K, 92% used [0x00000000c0000000,0x00000000c91d66e8,0x00000000c9e80000)
 Metaspace       used 89864K, committed 91008K, reserved 1138688K
  class space    used 9005K, committed 9536K, reserved 1048576K
}
Event: 12701.471 GC heap before
{Heap before GC invocations=2352 (full 55):
 PSYoungGen      total 7680K, used 7003K [0x00000000eab00000, 0x00000000eb300000, 0x0000000100000000)
  eden space 6656K, 100% used [0x00000000eab00000,0x00000000eb180000,0x00000000eb180000)
  from space 1024K, 33% used [0x00000000eb200000,0x00000000eb256f90,0x00000000eb300000)
  to   space 512K, 0% used [0x00000000eb180000,0x00000000eb180000,0x00000000eb200000)
 ParOldGen       total 162304K, used 149337K [0x00000000c0000000, 0x00000000c9e80000, 0x00000000eab00000)
  object space 162304K, 92% used [0x00000000c0000000,0x00000000c91d66e8,0x00000000c9e80000)
 Metaspace       used 89864K, committed 91008K, reserved 1138688K
  class space    used 9005K, committed 9536K, reserved 1048576K
}
Event: 12701.489 GC heap after
{Heap after GC invocations=2352 (full 55):
 PSYoungGen      total 7168K, used 498K [0x00000000eab00000, 0x00000000ec100000, 0x0000000100000000)
  eden space 6656K, 0% used [0x00000000eab00000,0x00000000eab00000,0x00000000eb180000)
  from space 512K, 97% used [0x00000000eb180000,0x00000000eb1fc948,0x00000000eb200000)
  to   space 7168K, 0% used [0x00000000eba00000,0x00000000eba00000,0x00000000ec100000)
 ParOldGen       total 162304K, used 154628K [0x00000000c0000000, 0x00000000c9e80000, 0x00000000eab00000)
  object space 162304K, 95% used [0x00000000c0000000,0x00000000c9701008,0x00000000c9e80000)
 Metaspace       used 89864K, committed 91008K, reserved 1138688K
  class space    used 9005K, committed 9536K, reserved 1048576K
}
Event: 12701.654 GC heap before
{Heap before GC invocations=2353 (full 55):
 PSYoungGen      total 7168K, used 5966K [0x00000000eab00000, 0x00000000ec100000, 0x0000000100000000)
  eden space 6656K, 82% used [0x00000000eab00000,0x00000000eb057238,0x00000000eb180000)
  from space 512K, 97% used [0x00000000eb180000,0x00000000eb1fc948,0x00000000eb200000)
  to   space 7168K, 0% used [0x00000000eba00000,0x00000000eba00000,0x00000000ec100000)
 ParOldGen       total 162304K, used 154628K [0x00000000c0000000, 0x00000000c9e80000, 0x00000000eab00000)
  object space 162304K, 95% used [0x00000000c0000000,0x00000000c9701008,0x00000000c9e80000)
 Metaspace       used 89869K, committed 91008K, reserved 1138688K
  class space    used 9005K, committed 9536K, reserved 1048576K
}
Event: 12701.657 GC heap after
{Heap after GC invocations=2353 (full 55):
 PSYoungGen      total 8704K, used 475K [0x00000000eab00000, 0x00000000eba80000, 0x0000000100000000)
  eden space 8192K, 0% used [0x00000000eab00000,0x00000000eab00000,0x00000000eb300000)
  from space 512K, 92% used [0x00000000eba00000,0x00000000eba76fa0,0x00000000eba80000)
  to   space 2560K, 0% used [0x00000000eb580000,0x00000000eb580000,0x00000000eb800000)
 ParOldGen       total 162304K, used 154676K [0x00000000c0000000, 0x00000000c9e80000, 0x00000000eab00000)
  object space 162304K, 95% used [0x00000000c0000000,0x00000000c970d008,0x00000000c9e80000)
 Metaspace       used 89869K, committed 91008K, reserved 1138688K
  class space    used 9005K, committed 9536K, reserved 1048576K
}
Event: 12701.706 GC heap before
{Heap before GC invocations=2354 (full 55):
 PSYoungGen      total 8704K, used 8667K [0x00000000eab00000, 0x00000000eba80000, 0x0000000100000000)
  eden space 8192K, 100% used [0x00000000eab00000,0x00000000eb300000,0x00000000eb300000)
  from space 512K, 92% used [0x00000000eba00000,0x00000000eba76fa0,0x00000000eba80000)
  to   space 2560K, 0% used [0x00000000eb580000,0x00000000eb580000,0x00000000eb800000)
 ParOldGen       total 162304K, used 154676K [0x00000000c0000000, 0x00000000c9e80000, 0x00000000eab00000)
  object space 162304K, 95% used [0x00000000c0000000,0x00000000c970d008,0x00000000c9e80000)
 Metaspace       used 89869K, committed 91008K, reserved 1138688K
  class space    used 9005K, committed 9536K, reserved 1048576K
}
Event: 12701.711 GC heap after
{Heap after GC invocations=2354 (full 55):
 PSYoungGen      total 12288K, used 2555K [0x00000000eab00000, 0x00000000ec580000, 0x0000000100000000)
  eden space 9728K, 0% used [0x00000000eab00000,0x00000000eab00000,0x00000000eb480000)
  from space 2560K, 99% used [0x00000000eb580000,0x00000000eb7fecb8,0x00000000eb800000)
  to   space 8704K, 0% used [0x00000000ebd00000,0x00000000ebd00000,0x00000000ec580000)
 ParOldGen       total 162304K, used 159141K [0x00000000c0000000, 0x00000000c9e80000, 0x00000000eab00000)
  object space 162304K, 98% used [0x00000000c0000000,0x00000000c9b695c8,0x00000000c9e80000)
 Metaspace       used 89869K, committed 91008K, reserved 1138688K
  class space    used 9005K, committed 9536K, reserved 1048576K
}
Event: 12701.712 GC heap before
{Heap before GC invocations=2355 (full 56):
 PSYoungGen      total 12288K, used 2555K [0x00000000eab00000, 0x00000000ec580000, 0x0000000100000000)
  eden space 9728K, 0% used [0x00000000eab00000,0x00000000eab00000,0x00000000eb480000)
  from space 2560K, 99% used [0x00000000eb580000,0x00000000eb7fecb8,0x00000000eb800000)
  to   space 8704K, 0% used [0x00000000ebd00000,0x00000000ebd00000,0x00000000ec580000)
 ParOldGen       total 162304K, used 159141K [0x00000000c0000000, 0x00000000c9e80000, 0x00000000eab00000)
  object space 162304K, 98% used [0x00000000c0000000,0x00000000c9b695c8,0x00000000c9e80000)
 Metaspace       used 89869K, committed 91008K, reserved 1138688K
  class space    used 9005K, committed 9536K, reserved 1048576K
}

